{"content": {"suites": {"0": {"status": {"total_pass": 0, "total_skip": 0, "total_xpass": 0, "total_xfail": 0, "total_rerun": 0, "total_fail": 1, "total_error": 0}, "tests": {"0": {"status": "FAIL", "message": "   selenium.common.exceptions.NoSuchWindowException: Message: no such window: target window already closed\n   from unknown error: web view not found\n     (Session info: chrome=95.0.4638.69)\n", "test_name": "test_create_a_new_user_successfully_loading_all_the_fields_mandatory_and_nonmandatory", "rerun": "0"}}, "suite_name": "POM/Test/step_Definitions/test_CreateUser.py"}, "1": {"suite_name": "POM/Test/step_Definitions/test_CreateUser_Without_Mandatory_Field.py", "tests": {"0": {"status": "FAIL", "message": "   selenium.common.exceptions.WebDriverException: Message: unknown error: cannot determine loading status\n   from disconnected: received Inspector.detached event\n     (Session info: chrome=95.0.4638.69)\n", "test_name": "test_failure_to_create_a_new_user_not_loading_the_mandatory_fields", "rerun": "0"}}, "status": {"total_pass": 0, "total_skip": 0, "total_xpass": 0, "total_xfail": 0, "total_rerun": 0, "total_fail": 1, "total_error": 0}}, "2": {"suite_name": "POM/Test/step_Definitions/test_Find_Product.py", "tests": {"0": {"status": "FAIL", "message": "   selenium.common.exceptions.WebDriverException: Message: unknown error: cannot determine loading status\n   from disconnected: received Inspector.detached event\n     (Session info: chrome=95.0.4638.69)\n", "test_name": "test_search_for_a_product_through_the_search_engine_with_glass", "rerun": "0"}}, "status": {"total_pass": 0, "total_skip": 0, "total_xpass": 0, "total_xfail": 0, "total_rerun": 0, "total_fail": 1, "total_error": 0}}}}, "date": "November 04, 2021", "start_time": 1636056618.7586803, "total_suite": 3, "status": "FAIL", "status_list": {"pass": "0", "fail": "3", "skip": "0", "error": "0", "xpass": "0", "xfail": "0", "rerun": "0"}, "total_tests": "3"}